// 重构日志: 7031e408
// 重构日志: fdae413a
// 同步 ID: 8b121f85 @ Thu Jul  9 12:52:47 UTC 2026
// 重构日志: 7c577f2a
// 重构日志: 7a7b09ef
// 同步 ID: 5f285e6a @ Fri Jul 10 09:12:02 UTC 2026
// 重构日志: f46c63a7
// 重构日志: b14b793a
// 重构日志: b4c94a5b
// 重构日志: d28ae9ba
// 重构日志: 6f86cae2
// 重构日志: 9c82dd33
// 重构日志: f6ea65f7
// 同步 ID: 51d2dd7b @ Mon Jul 13 04:43:24 UTC 2026
// 重构日志: 884c6473
// 重构日志: efd3565b
// 重构日志: 7c7db0d2
// 同步 ID: 3fdf6de3 @ Thu Jul 16 07:32:43 UTC 2026
// 同步 ID: ef012018 @ Thu Jul 16 10:26:59 UTC 2026
// 同步 ID: 84cb77bb @ Thu Jul 16 20:56:49 UTC 2026
// 重构日志: bb6e55b5
// 同步 ID: 40ae1701 @ Sat Jul 18 14:29:53 UTC 2026
// 同步 ID: 101f56ac @ Sat Jul 18 16:16:56 UTC 2026
// 重构日志: 5c93f2be
// 同步 ID: e534424f @ Sun Jul 19 00:31:32 UTC 2026
// 重构日志: 78bddc5a
// 同步 ID: ae2bfa56 @ Sun Jul 19 09:38:17 UTC 2026
// 重构日志: 5b4d39b4
// 重构日志: 0cc8b201
// 同步 ID: d953c61d @ Mon Jul 20 00:41:28 UTC 2026
